<?xml version="1.0" encoding="UTF-8"?>
<testng-results ignored="0" total="1" passed="1" failed="0" skipped="0">
  <reporter-output>
  </reporter-output>
  <suite started-at="2020-06-23T16:15:10 IST" name="Default suite" finished-at="2020-06-23T16:15:15 IST" duration-ms="5592">
    <groups>
    </groups>
    <test started-at="2020-06-23T16:15:10 IST" name="Default test" finished-at="2020-06-23T16:15:15 IST" duration-ms="5592">
      <class name="objectRepository.ReadPropertiesFile">
        <test-method signature="readProperties()[pri:0, instance:objectRepository.ReadPropertiesFile@5b7a7f33]" started-at="2020-06-23T16:15:10 IST" name="readProperties" finished-at="2020-06-23T16:15:15 IST" duration-ms="5534" status="PASS">
          <reporter-output>
          </reporter-output>
        </test-method> <!-- readProperties -->
      </class> <!-- objectRepository.ReadPropertiesFile -->
    </test> <!-- Default test -->
  </suite> <!-- Default suite -->
</testng-results>
