<?xml version="1.0" encoding="UTF-8"?>
<testng-results ignored="0" total="1" passed="1" failed="0" skipped="0">
  <reporter-output>
  </reporter-output>
  <suite started-at="2020-01-14T22:06:53 IST" name="Default suite" finished-at="2020-01-14T22:07:13 IST" duration-ms="19438">
    <groups>
    </groups>
    <test started-at="2020-01-14T22:06:53 IST" name="Default test" finished-at="2020-01-14T22:07:13 IST" duration-ms="19438">
      <class name="module1.CheckBox_RadioButton">
        <test-method signature="openURL()[pri:0, instance:module1.CheckBox_RadioButton@6107227e]" started-at="2020-01-14T22:06:53 IST" name="openURL" finished-at="2020-01-14T22:07:13 IST" duration-ms="19376" status="PASS">
          <reporter-output>
          </reporter-output>
        </test-method> <!-- openURL -->
      </class> <!-- module1.CheckBox_RadioButton -->
    </test> <!-- Default test -->
  </suite> <!-- Default suite -->
</testng-results>
