<?xml version="1.0" encoding="UTF-8"?>
<!-- Generated by org.testng.reporters.JUnitReportReporter -->
<testsuite hostname="LAPTOP-TJ2PMSNK" failures="0" tests="2" name="Concepts.DynamicWebTable" time="9.738" errors="0" timestamp="2020-06-22T12:29:21 IST" skipped="0">
  <testcase classname="Concepts.DynamicWebTable" name="browserLaunch" time="7.194"/>
  <system-out/>
  <testcase classname="Concepts.DynamicWebTable" name="webtable" time="2.544"/>
  <system-out/>
</testsuite> <!-- Concepts.DynamicWebTable -->
