<?xml version="1.0" encoding="UTF-8"?>
<!-- Generated by org.testng.reporters.JUnitReportReporter -->
<testsuite hostname="LAPTOP-TJ2PMSNK" failures="0" tests="2" name="Concepts.Screenshot" time="7.803" errors="0" timestamp="2020-06-21T15:03:58 IST" skipped="0">
  <testcase classname="Concepts.Screenshot" name="browselaunch" time="6.471"/>
  <system-out/>
  <testcase classname="Concepts.Screenshot" name="screenShot" time="1.332"/>
  <system-out/>
</testsuite> <!-- Concepts.Screenshot -->
