<?xml version="1.0" encoding="UTF-8"?>
<!-- Generated by org.testng.reporters.JUnitReportReporter -->
<testsuite hostname="LAPTOP-TJ2PMSNK" failures="0" tests="2" name="Concepts.BootstrapDropdown" time="6.068" errors="0" timestamp="2020-06-22T18:01:40 IST" skipped="0">
  <testcase classname="Concepts.BootstrapDropdown" name="select" time="0.157"/>
  <system-out/>
  <testcase classname="Concepts.BootstrapDropdown" name="browserLaunch" time="5.911"/>
  <system-out/>
</testsuite> <!-- Concepts.BootstrapDropdown -->
