<?xml version="1.0" encoding="UTF-8"?>
<!-- Generated by org.testng.reporters.JUnitReportReporter -->
<testsuite hostname="LAPTOP-TJ2PMSNK" failures="0" tests="4" name="Concepts.TestNGAnnotationsExample3" time="21.152" errors="0" timestamp="2020-06-23T12:33:05 IST" skipped="0">
  <testcase classname="Concepts.TestNGAnnotationsExample3" name="getURL" time="6.212"/>
  <system-out/>
  <testcase classname="Concepts.TestNGAnnotationsExample3" name="getTitleofPage" time="4.893"/>
  <system-out/>
  <testcase classname="Concepts.TestNGAnnotationsExample3" name="searchButton" time="5.020"/>
  <system-out/>
  <testcase classname="Concepts.TestNGAnnotationsExample3" name="gamilLink" time="5.027"/>
  <system-out/>
</testsuite> <!-- Concepts.TestNGAnnotationsExample3 -->
