<?xml version="1.0" encoding="UTF-8"?>
<!-- Generated by org.testng.reporters.JUnitReportReporter -->
<testsuite hostname="LAPTOP-TJ2PMSNK" failures="0" tests="2" name="Concepts.MouseMovement" time="14.032" errors="0" timestamp="2020-06-19T18:18:38 IST" skipped="0">
  <testcase classname="Concepts.MouseMovement" name="mouseAction" time="5.779"/>
  <system-out/>
  <testcase classname="Concepts.MouseMovement" name="browserlaunch" time="8.253"/>
  <system-out/>
</testsuite> <!-- Concepts.MouseMovement -->
