<?xml version="1.0" encoding="UTF-8"?>
<!-- Generated by org.testng.reporters.JUnitReportReporter -->
<testsuite hostname="LAPTOP-TJ2PMSNK" failures="0" tests="4" name="Concepts.TestNGAnnotationsExample2" time="21.249" errors="0" timestamp="2020-06-23T12:24:00 IST" skipped="0">
  <testcase classname="Concepts.TestNGAnnotationsExample2" name="getURL" time="5.465"/>
  <system-out/>
  <testcase classname="Concepts.TestNGAnnotationsExample2" name="getTitleofPage" time="5.452"/>
  <system-out/>
  <testcase classname="Concepts.TestNGAnnotationsExample2" name="searchButton" time="5.217"/>
  <system-out/>
  <testcase classname="Concepts.TestNGAnnotationsExample2" name="gamilLink" time="5.115"/>
  <system-out/>
</testsuite> <!-- Concepts.TestNGAnnotationsExample2 -->
