<?xml version="1.0" encoding="UTF-8"?>
<!-- Generated by org.testng.reporters.JUnitReportReporter -->
<testsuite hostname="LAPTOP-TJ2PMSNK" failures="0" tests="2" name="Concepts.MultiWindowHandle" time="10.941" errors="0" timestamp="2020-06-21T18:21:59 IST" skipped="0">
  <testcase classname="Concepts.MultiWindowHandle" name="browserlaunch" time="7.341"/>
  <system-out/>
  <testcase classname="Concepts.MultiWindowHandle" name="handleWindow" time="3.600"/>
  <system-out/>
</testsuite> <!-- Concepts.MultiWindowHandle -->
