<?xml version="1.0" encoding="UTF-8"?>
<!-- Generated by org.testng.reporters.JUnitReportReporter -->
<testsuite hostname="LAPTOP-TJ2PMSNK" failures="0" tests="2" name="Concepts.CalendarHandling" time="12.651" errors="0" timestamp="2020-06-22T15:48:09 IST" skipped="0">
  <testcase classname="Concepts.CalendarHandling" name="dataSelect" time="1.730"/>
  <system-out/>
  <testcase classname="Concepts.CalendarHandling" name="browserLaunch" time="10.921"/>
  <system-out/>
</testsuite> <!-- Concepts.CalendarHandling -->
