<?xml version="1.0" encoding="UTF-8"?>
<!-- Generated by org.testng.reporters.JUnitReportReporter -->
<testsuite hostname="LAPTOP-TJ2PMSNK" failures="0" tests="2" name="Concepts.TestNGAnnotations" time="0.006" errors="0" timestamp="2020-06-23T11:37:38 IST" skipped="0">
  <testcase classname="Concepts.TestNGAnnotations" name="search" time="0.003"/>
  <system-out/>
  <testcase classname="Concepts.TestNGAnnotations" name="getTitle" time="0.003"/>
  <system-out/>
</testsuite> <!-- Concepts.TestNGAnnotations -->
