<?xml version="1.0" encoding="UTF-8"?>
<!-- Generated by org.testng.reporters.JUnitReportReporter -->
<testsuite hostname="LAPTOP-TJ2PMSNK" failures="0" tests="2" name="Concepts.GetTitleValidation" time="6.544" errors="0" timestamp="2020-06-19T10:46:00 IST" skipped="0">
  <testcase classname="Concepts.GetTitleValidation" name="validate" time="0.629"/>
  <system-out/>
  <testcase classname="Concepts.GetTitleValidation" name="launch" time="5.915"/>
  <system-out/>
</testsuite> <!-- Concepts.GetTitleValidation -->
