<?xml version="1.0" encoding="UTF-8"?>
<!-- Generated by org.testng.reporters.JUnitReportReporter -->
<testsuite hostname="LAPTOP-TJ2PMSNK" failures="0" tests="2" name="Concepts.BootstrapDropdown2" time="8.040" errors="0" timestamp="2020-06-22T18:20:52 IST" skipped="0">
  <testcase classname="Concepts.BootstrapDropdown2" name="browserLaunch" time="7.836"/>
  <system-out/>
  <testcase classname="Concepts.BootstrapDropdown2" name="select" time="0.204"/>
  <system-out/>
</testsuite> <!-- Concepts.BootstrapDropdown2 -->
