<?xml version="1.0" encoding="UTF-8"?>
<!-- Generated by org.testng.reporters.JUnitReportReporter -->
<testsuite hostname="LAPTOP-TJ2PMSNK" failures="0" tests="2" name="Concepts.TestNGAnnotationsExample4" time="0.018" errors="0" timestamp="2020-06-23T12:42:51 IST" skipped="0">
  <testcase classname="Concepts.TestNGAnnotationsExample4" name="contact" time="0.015"/>
  <system-out/>
  <testcase classname="Concepts.TestNGAnnotationsExample4" name="search" time="0.003"/>
  <system-out/>
</testsuite> <!-- Concepts.TestNGAnnotationsExample4 -->
